'NEON GENESIS EVANGELION', '新世纪福音战士 新世紀エヴァンゲリオン‎ (1995)[剧集][可播放]', 9.3, 65080
'Evangelion: 2.22', '福音战士新剧场版：破 ヱヴァンゲリヲン新劇場版：破‎ (2009)[可播放]', 9.3, 41923
'Clannad After Story', '团子大家族 第二季 CLANNAD ～AFTER STORY～‎ (2008)[剧集][可播放]', 9.3, 16742
'Laputa - Castle in the Sky', '天空之城 天空の城ラピュタ‎ (1986)', 9.1, 429212
'Evangelion: 1.11', '福音战士新剧场版：序 ヱヴァンゲリヲン新劇場版：序‎ (2007)[可播放]', 9.1, 37632
'Code Geass - Lelouch of the Rebellion R2', '反叛的鲁路修R2 コードギアス 反逆のルルーシュ R2‎ (2008)[剧集][可播放]', 9.1, 34373
'Planetes', '星空清理者 プラネテス‎ (2003)[剧集]', 9.1, 5101
'The Melancholy of Haruhi Suzumiya', '凉宫春日的消失 涼宮ハルヒの消失‎ (2010)', 9.0, 21367
'Paprika', '红辣椒 パプリカ‎ (2006)', 8.9, 173576
'Lucky Star', '幸运星 らき☆すた‎ (2007)[剧集][可播放]', 8.9, 15661
'FLCL', '特别的她 FLCL‎ (2000)[剧集][可播放]', 8.9, 7935
'Coupling (UK TV series)', '宇宙战舰大和号2199 (TV版) 宇宙戦艦ヤマト2199 (TVシリーズ)‎ (2013)[剧集]', 8.9, 1086
'Princess Mononoke ', '幽灵公主 もののけ姫‎ (1997)', 8.8, 289882
'Eureka Seven', '交响诗篇 交響詩篇エウレカセブン‎ (2005)[剧集][可播放]', 8.8, 4574
'Full Metal Panic? Fumoffu', '全金属狂潮4 フルメタル・パニック！IV‎ (2018)[剧集][可播放]', 8.8, 2530
'Ouran High School Host Club', '樱兰高校男公关部 桜蘭高校ホスト部‎ (2006)[剧集][可播放]', 8.7, 57598
'Puella Magi Madoka Magica', '魔法少女小圆 魔法少女まどか★マギカ‎ (2011)[剧集][可播放]', 8.7, 29743
'K-ON!', '轻音少女 けいおん!‎ (2009)[剧集]', 8.7, 26234
'The Girl Who Leapt Through Time', '穿越时空的少女 時をかける少女‎ (2006)[可播放]', 8.6, 218317
'SUMMER WARS', '夏日大作战 サマーウォーズ‎ (2009)[可播放]', 8.6, 122028
'When They Cry', '寒蝉鸣泣之时 ひぐらしのなく頃に‎ (2006)[剧集][可播放]', 8.6, 17822
'ef - a tale of melodies.', '悠久之翼 第二季 ef - a tale of melodies.‎ (2008)[剧集]', 8.5, 2354
'Royal Space Force', '王立宇宙军：欧尼亚米斯之翼 王立宇宙軍〜オネアミスの翼‎ (1987)', 8.5, 2291
'Haibane Renmei', '灰羽联盟 灰羽連盟‎ (2002)[剧集]', 8.4, 5811
'serial experiments lain', '玲音 Serial Experiments: Lain‎ (1998)[剧集]', 8.4, 5778
'ef - a tale of memories.', '悠久之翼 ef - a tale of memories.‎ (2007)[剧集][可播放]', 8.4, 3290
'5 Centimeters Per Second', '秒速5厘米 秒速5センチメートル‎ (2007)[可播放]', 8.3, 359248
'Voices of a Distant Star', '星之声 ほしのこえ‎ (2002)[可播放]', 8.2, 31958
'The Castle of Cagliostro', '鲁邦三世：卡里奥斯特罗城 ルパン三世 カリオストロの城‎ (1979)', 8.1, 12672
'Spice and Wolf', '狼与香辛料 狼と香辛料‎ (2008)[剧集][可播放]', 8.1, 11924
'Code Geass - Lelouch of the Rebellion', '代号基亚斯：反叛的鲁路修1之兴道 コードギアス 反逆のルルーシュⅠ 興道‎ (2017)', 8.1, 1225
'Magical Girl Lyrical Nanoha A's', '魔法少女奈叶A's 魔法少女リリカルなのはA's‎ (2005)[剧集]', 8.1, 847
'Zegapain', '泽伽佩因 ゼーガペイン‎ (2006)[剧集]', 8.1, 525
'Overlord', '不死者之王 オーバーロード‎ (2015)[剧集][可播放]', 8.0, 7960
'Mardock Scramble', '壳中少女：排气 マルドゥック・スクランブル 排気‎ (2012)', 8.0, 2209
'Touhou Anime Project', '动画未来2011 PROJECT A‎ (2011)', 8.0, 648
'Sword Art Online', '刀剑神域 ソードアート・オンライン‎ (2012)[剧集][可播放]', 7.9, 26780
'The Place Promised in Our Early Days', '云的彼端，约定的地方 雲のむこう、約束の場所‎ (2004)[可播放]', 7.8, 58200
'Kakurenbo: Hide and Seek', '捉迷藏 カクレンボ‎ (2005)[可播放]', 7.8, 13266
'Eden of the East', '东之伊甸 总集篇 東のエデン 総集編 Air Communication‎ (2009)', 7.8, 162
'Magical Girl Lyrical Nanoha', '魔法少女奈叶 魔法少女リリカルなのは‎ (2004)[剧集][可播放]', 7.5, 1295
'Marmalade Boy', '橘子酱男孩 ママレード・ボーイ‎ (1994)[剧集]', 7.5, 850
' The Story of Saiunkoku', '彩云国物语 彩雲国物語‎ (2006)[剧集][可播放]', 7.4, 12160
'Shakugan no Shana', '灼眼的夏娜 灼眼のシャナ‎ (2005)[剧集][可播放]', 7.4, 11720
'Yuki Yuna is a Hero', '结城友奈是勇者 結城友奈は勇者である‎ (2014)[剧集][可播放]', 7.3, 720
'Lunar Legend Tsukihime', '真月谭 月姬 真月譚 月姫‎ (2003)[剧集][可播放]', 7.2, 3252
'Strike Witches', '强袭魔女 ストライクウィッチーズ‎ (2008)[剧集]', 7.1, 1030
'Sword Art Online II', '刀剑神域：序列之争 劇場版 ソードアート・オンライン -オーディナル・スケール-‎ (2017)[可播放]', 7.0, 21669
'The King of Fighters(KOF) - Another Day', '拳王：择日再战 The King of Fighters: Another Day‎ (2005)[剧集]', 7.0, 310
'Infinite Stratos', '无限斯特拉托斯 IS＜インフィニット・ストラトス＞‎ (2011)[剧集][可播放]', 6.4, 2745
'Dragon Age: Dawn of the Seeker', '龙之纪元：追索者的黎明 Dragon Age: Dawn of the Seeker‎ (2012)', 5.6, 948
